<?xml version="1.0" encoding="UTF-8"?>
<!-- Generated by org.testng.reporters.JUnitXMLReporter -->
<testsuite ignored="0" hostname="DESKTOP-SFQQR9U" failures="1" tests="1" name="Default test" time="17.482" errors="0" timestamp="2024-07-12T21:15:41 IST">
  <testcase classname="io.cucumber.testng.AbstractTestNGCucumberTests" name="runScenario" time="17.055">
    <failure type="java.lang.AssertionError">
      <![CDATA[java.lang.AssertionError
at stepdefintion.CucumberStepClass.i_should_see_results_related_to(CucumberStepClass.java:38)
at âœ½.I should see results related to "Java"(file:///C:/Users/Admin/ATTBatch_24Feb/MavenProject_Jenkins/src/test/resources/cucumber.feature:6)
]]>
    </failure>
  </testcase> <!-- runScenario -->
</testsuite> <!-- Default test -->
