<?xml version="1.0" encoding="UTF-8"?>
<testng-results ignored="0" total="1" passed="0" failed="1" skipped="0">
  <reporter-output>
  </reporter-output>
  <suite started-at="2024-07-12T20:49:14 IST" name="Default suite" finished-at="2024-07-12T20:49:24 IST" duration-ms="10461">
    <groups>
      <group name="cucumber">
        <method signature="AbstractTestNGCucumberTests.runScenario(io.cucumber.testng.PickleWrapper,io.cucumber.testng.FeatureWrapper)[pri:0, instance:runner.CucumberRunnerClass@3754a4bf]" name="runScenario" class="io.cucumber.testng.AbstractTestNGCucumberTests"/>
      </group> <!-- cucumber -->
    </groups>
    <test started-at="2024-07-12T20:49:14 IST" name="Default test" finished-at="2024-07-12T20:49:24 IST" duration-ms="10461">
      <class name="runner.CucumberRunnerClass">
        <test-method is-config="true" signature="setUpClass(org.testng.ITestContext)[pri:0, instance:runner.CucumberRunnerClass@3754a4bf]" started-at="2024-07-12T20:49:14 IST" name="setUpClass" finished-at="2024-07-12T20:49:14 IST" duration-ms="447" status="PASS">
          <params>
            <param index="0">
              <value>
                <![CDATA[org.testng.TestRunner@5a82ebf8]]>
              </value>
            </param>
          </params>
          <reporter-output>
          </reporter-output>
        </test-method> <!-- setUpClass -->
        <test-method signature="runScenario(io.cucumber.testng.PickleWrapper,io.cucumber.testng.FeatureWrapper)[pri:0, instance:runner.CucumberRunnerClass@3754a4bf]" started-at="2024-07-12T20:49:14 IST" name="runScenario" description="Runs Cucumber Scenarios" data-provider="scenarios" finished-at="2024-07-12T20:49:24 IST" duration-ms="9853" status="FAIL">
          <params>
            <param index="0">
              <value>
                <![CDATA["User searches with keyword on Google"]]>
              </value>
            </param>
            <param index="1">
              <value>
                <![CDATA["Google Search Feature"]]>
              </value>
            </param>
          </params>
          <exception class="java.lang.AssertionError">
            <full-stacktrace>
              <![CDATA[java.lang.AssertionError
at stepdefintion.CucumberStepClass.i_should_see_results_related_to(CucumberStepClass.java:38)
at âœ½.I should see results related to "Java"(file:///C:/Users/Admin/ATTBatch_24Feb/MavenProject_Jenkins/src/test/resources/cucumber.feature:6)
]]>
            </full-stacktrace>
          </exception> <!-- java.lang.AssertionError -->
          <reporter-output>
          </reporter-output>
        </test-method> <!-- runScenario -->
        <test-method is-config="true" signature="tearDownClass()[pri:0, instance:runner.CucumberRunnerClass@3754a4bf]" started-at="2024-07-12T20:49:24 IST" name="tearDownClass" finished-at="2024-07-12T20:49:24 IST" duration-ms="4" status="PASS">
          <reporter-output>
          </reporter-output>
        </test-method> <!-- tearDownClass -->
      </class> <!-- runner.CucumberRunnerClass -->
    </test> <!-- Default test -->
  </suite> <!-- Default suite -->
</testng-results>
