<?xml version="1.0" encoding="UTF-8"?>
<!-- Generated by org.testng.reporters.JUnitReportReporter -->
<testsuite hostname="DESKTOP-SFQQR9U" failures="1" tests="1" name="runner.CucumberRunnerClass" time="17.055" errors="0" timestamp="2024-07-12T21:15:41 IST" skipped="0">
  <testcase classname="runner.CucumberRunnerClass" name="runScenario" time="17.055">
    <failure type="java.lang.AssertionError">
      <![CDATA[java.lang.AssertionError
at stepdefintion.CucumberStepClass.i_should_see_results_related_to(CucumberStepClass.java:38)
at âœ½.I should see results related to "Java"(file:///C:/Users/Admin/ATTBatch_24Feb/MavenProject_Jenkins/src/test/resources/cucumber.feature:6)
]]>
    </failure>
  </testcase> <!-- runScenario -->
  <system-out/>
</testsuite> <!-- runner.CucumberRunnerClass -->
